# JRE version: Java(TM) SE Runtime Environment (8.0_271-b09) (build 1.8.0_271-b09)
# Java VM: Java HotSpot(TM) 64-Bit Server VM (25.271-b09 mixed mode windows-amd64 compressed oops)
Heap:
 PSYoungGen      total 71680K, used 31332K [0x00000000d5580000, 0x00000000da080000, 0x0000000100000000)
  eden space 66560K, 47% used [0x00000000d5580000,0x00000000d7419150,0x00000000d9680000)
  from space 5120K, 0% used [0x00000000d9680000,0x00000000d9680000,0x00000000d9b80000)
  to   space 5120K, 0% used [0x00000000d9b80000,0x00000000d9b80000,0x00000000da080000)
 ParOldGen       total 55808K, used 5634K [0x0000000080000000, 0x0000000083680000, 0x00000000d5580000)
  object space 55808K, 10% used [0x0000000080000000,0x0000000080580870,0x0000000083680000)
 Metaspace       used 23141K, capacity 24256K, committed 24448K, reserved 1071104K
  class space    used 2874K, capacity 3099K, committed 3200K, reserved 1048576K
GC Heap History (10 events):
Event: 2.097 GC heap before
{Heap before GC invocations=2 (full 0):
 PSYoungGen      total 38400K, used 37684K [0x00000000d5580000, 0x00000000d8000000, 0x0000000100000000)
  eden space 33280K, 100% used [0x00000000d5580000,0x00000000d7600000,0x00000000d7600000)
  from space 5120K, 86% used [0x00000000d7600000,0x00000000d7a4d0d0,0x00000000d7b00000)
  to   space 5120K, 0% used [0x00000000d7b00000,0x00000000d7b00000,0x00000000d8000000)
 ParOldGen       total 87552K, used 8K [0x0000000080000000, 0x0000000085580000, 0x00000000d5580000)
  object space 87552K, 0% used [0x0000000080000000,0x0000000080002000,0x0000000085580000)
 Metaspace       used 12721K, capacity 13134K, committed 13440K, reserved 1060864K
  class space    used 1454K, capacity 1606K, committed 1664K, reserved 1048576K
Event: 2.105 GC heap after
Heap after GC invocations=2 (full 0):
 PSYoungGen      total 38400K, used 5089K [0x00000000d5580000, 0x00000000da080000, 0x0000000100000000)
  eden space 33280K, 0% used [0x00000000d5580000,0x00000000d5580000,0x00000000d7600000)
  from space 5120K, 99% used [0x00000000d7b00000,0x00000000d7ff8750,0x00000000d8000000)
  to   space 5120K, 0% used [0x00000000d7600000,0x00000000d7600000,0x00000000d7b00000)
 ParOldGen       total 87552K, used 399K [0x0000000080000000, 0x0000000085580000, 0x00000000d5580000)
  object space 87552K, 0% used [0x0000000080000000,0x0000000080063ec8,0x0000000085580000)
 Metaspace       used 12721K, capacity 13134K, committed 13440K, reserved 1060864K
  class space    used 1454K, capacity 1606K, committed 1664K, reserved 1048576K
}
Event: 2.589 GC heap before
{Heap before GC invocations=3 (full 0):
 PSYoungGen      total 38400K, used 38369K [0x00000000d5580000, 0x00000000da080000, 0x0000000100000000)
  eden space 33280K, 100% used [0x00000000d5580000,0x00000000d7600000,0x00000000d7600000)
  from space 5120K, 99% used [0x00000000d7b00000,0x00000000d7ff8750,0x00000000d8000000)
  to   space 5120K, 0% used [0x00000000d7600000,0x00000000d7600000,0x00000000d7b00000)
 ParOldGen       total 87552K, used 399K [0x0000000080000000, 0x0000000085580000, 0x00000000d5580000)
  object space 87552K, 0% used [0x0000000080000000,0x0000000080063ec8,0x0000000085580000)
 Metaspace       used 16574K, capacity 17128K, committed 17280K, reserved 1064960K
  class space    used 2018K, capacity 2175K, committed 2176K, reserved 1048576K
Event: 2.597 GC heap after
Heap after GC invocations=3 (full 0):
 PSYoungGen      total 38400K, used 5089K [0x00000000d5580000, 0x00000000da080000, 0x0000000100000000)
  eden space 33280K, 0% used [0x00000000d5580000,0x00000000d5580000,0x00000000d7600000)
  from space 5120K, 99% used [0x00000000d7600000,0x00000000d7af8720,0x00000000d7b00000)
  to   space 5120K, 0% used [0x00000000d9b80000,0x00000000d9b80000,0x00000000da080000)
 ParOldGen       total 87552K, used 2068K [0x0000000080000000, 0x0000000085580000, 0x00000000d5580000)
  object space 87552K, 2% used [0x0000000080000000,0x0000000080205038,0x0000000085580000)
 Metaspace       used 16574K, capacity 17128K, committed 17280K, reserved 1064960K
  class space    used 2018K, capacity 2175K, committed 2176K, reserved 1048576K
}
Event: 3.389 GC heap before
{Heap before GC invocations=4 (full 0):
 PSYoungGen      total 38400K, used 38369K [0x00000000d5580000, 0x00000000da080000, 0x0000000100000000)
  eden space 33280K, 100% used [0x00000000d5580000,0x00000000d7600000,0x00000000d7600000)
  from space 5120K, 99% used [0x00000000d7600000,0x00000000d7af8720,0x00000000d7b00000)
  to   space 5120K, 0% used [0x00000000d9b80000,0x00000000d9b80000,0x00000000da080000)
 ParOldGen       total 87552K, used 2068K [0x0000000080000000, 0x0000000085580000, 0x00000000d5580000)
  object space 87552K, 2% used [0x0000000080000000,0x0000000080205038,0x0000000085580000)
 Metaspace       used 19301K, capacity 20072K, committed 20352K, reserved 1067008K
  class space    used 2385K, capacity 2577K, committed 2688K, reserved 1048576K
Event: 3.398 GC heap after
Heap after GC invocations=4 (full 0):
 PSYoungGen      total 71680K, used 5111K [0x00000000d5580000, 0x00000000da080000, 0x0000000100000000)
  eden space 66560K, 0% used [0x00000000d5580000,0x00000000d5580000,0x00000000d9680000)
  from space 5120K, 99% used [0x00000000d9b80000,0x00000000da07ddb0,0x00000000da080000)
  to   space 5120K, 0% used [0x00000000d9680000,0x00000000d9680000,0x00000000d9b80000)
 ParOldGen       total 87552K, used 3773K [0x0000000080000000, 0x0000000085580000, 0x00000000d5580000)
  object space 87552K, 4% used [0x0000000080000000,0x00000000803af680,0x0000000085580000)
 Metaspace       used 19301K, capacity 20072K, committed 20352K, reserved 1067008K
  class space    used 2385K, capacity 2577K, committed 2688K, reserved 1048576K
}
Event: 3.742 GC heap before
{Heap before GC invocations=5 (full 0):
 PSYoungGen      total 71680K, used 22916K [0x00000000d5580000, 0x00000000da080000, 0x0000000100000000)
  eden space 66560K, 26% used [0x00000000d5580000,0x00000000d66e3280,0x00000000d9680000)
  from space 5120K, 99% used [0x00000000d9b80000,0x00000000da07ddb0,0x00000000da080000)
  to   space 5120K, 0% used [0x00000000d9680000,0x00000000d9680000,0x00000000d9b80000)
 ParOldGen       total 87552K, used 3773K [0x0000000080000000, 0x0000000085580000, 0x00000000d5580000)
  object space 87552K, 4% used [0x0000000080000000,0x00000000803af680,0x0000000085580000)
 Metaspace       used 20303K, capacity 21086K, committed 21248K, reserved 1067008K
  class space    used 2488K, capacity 2696K, committed 2816K, reserved 1048576K
Event: 3.750 GC heap after
Heap after GC invocations=5 (full 0):
 PSYoungGen      total 71680K, used 5117K [0x00000000d5580000, 0x00000000da080000, 0x0000000100000000)
  eden space 66560K, 0% used [0x00000000d5580000,0x00000000d5580000,0x00000000d9680000)
  from space 5120K, 99% used [0x00000000d9680000,0x00000000d9b7f5a0,0x00000000d9b80000)
  to   space 5120K, 0% used [0x00000000d9b80000,0x00000000d9b80000,0x00000000da080000)
 ParOldGen       total 87552K, used 4441K [0x0000000080000000, 0x0000000085580000, 0x00000000d5580000)
  object space 87552K, 5% used [0x0000000080000000,0x0000000080456720,0x0000000085580000)
 Metaspace       used 20303K, capacity 21086K, committed 21248K, reserved 1067008K
  class space    used 2488K, capacity 2696K, committed 2816K, reserved 1048576K
}
Event: 3.750 GC heap before
{Heap before GC invocations=6 (full 1):
 PSYoungGen      total 71680K, used 5117K [0x00000000d5580000, 0x00000000da080000, 0x0000000100000000)
  eden space 66560K, 0% used [0x00000000d5580000,0x00000000d5580000,0x00000000d9680000)
  from space 5120K, 99% used [0x00000000d9680000,0x00000000d9b7f5a0,0x00000000d9b80000)
  to   space 5120K, 0% used [0x00000000d9b80000,0x00000000d9b80000,0x00000000da080000)
 ParOldGen       total 87552K, used 4441K [0x0000000080000000, 0x0000000085580000, 0x00000000d5580000)
  object space 87552K, 5% used [0x0000000080000000,0x0000000080456720,0x0000000085580000)
 Metaspace       used 20303K, capacity 21086K, committed 21248K, reserved 1067008K
  class space    used 2488K, capacity 2696K, committed 2816K, reserved 1048576K
Event: 3.788 GC heap after
Heap after GC invocations=6 (full 1):
 PSYoungGen      total 71680K, used 0K [0x00000000d5580000, 0x00000000da080000, 0x0000000100000000)
  eden space 66560K, 0% used [0x00000000d5580000,0x00000000d5580000,0x00000000d9680000)
  from space 5120K, 0% used [0x00000000d9680000,0x00000000d9680000,0x00000000d9b80000)
  to   space 5120K, 0% used [0x00000000d9b80000,0x00000000d9b80000,0x00000000da080000)
 ParOldGen       total 55808K, used 5634K [0x0000000080000000, 0x0000000083680000, 0x00000000d5580000)
  object space 55808K, 10% used [0x0000000080000000,0x0000000080580870,0x0000000083680000)
 Metaspace       used 20301K, capacity 21080K, committed 21248K, reserved 1067008K
  class space    used 2487K, capacity 2695K, committed 2816K, reserved 1048576K
}

